{"/Users/zhengliangjin/Desktop/CS/Velocirabbits/server/src/controllers/pollController.ts": {"path":"/Users/zhengliangjin/Desktop/CS/Velocirabbits/server/src/controllers/pollController.ts","statementMap":{"0":{"start":{"line":10,"column":39},"end":{"line":10,"column":41}},"1":{"start":{"line":13,"column":0},"end":{"line":39,"column":2}},"2":{"start":{"line":14,"column":2},"end":{"line":38,"column":3}},"3":{"start":{"line":17,"column":21},"end":{"line":17,"column":29}},"4":{"start":{"line":20,"column":17},"end":{"line":20,"column":51}},"5":{"start":{"line":23,"column":4},"end":{"line":31,"column":5}},"6":{"start":{"line":25,"column":6},"end":{"line":25,"column":13}},"7":{"start":{"line":28,"column":6},"end":{"line":30,"column":61}},"8":{"start":{"line":33,"column":4},"end":{"line":37,"column":7}},"9":{"start":{"line":41,"column":0},"end":{"line":82,"column":2}},"10":{"start":{"line":42,"column":2},"end":{"line":81,"column":3}},"11":{"start":{"line":44,"column":48},"end":{"line":44,"column":56}},"12":{"start":{"line":45,"column":31},"end":{"line":59,"column":5}},"13":{"start":{"line":47,"column":19},"end":{"line":47,"column":23}},"14":{"start":{"line":48,"column":6},"end":{"line":57,"column":7}},"15":{"start":{"line":49,"column":8},"end":{"line":49,"column":67}},"16":{"start":{"line":50,"column":8},"end":{"line":55,"column":9}},"17":{"start":{"line":52,"column":10},"end":{"line":52,"column":30}},"18":{"start":{"line":54,"column":10},"end":{"line":54,"column":31}},"19":{"start":{"line":58,"column":6},"end":{"line":58,"column":18}},"20":{"start":{"line":60,"column":17},"end":{"line":60,"column":43}},"21":{"start":{"line":61,"column":32},"end":{"line":65,"column":7}},"22":{"start":{"line":61,"column":63},"end":{"line":65,"column":5}},"23":{"start":{"line":66,"column":17},"end":{"line":71,"column":6}},"24":{"start":{"line":73,"column":4},"end":{"line":73,"column":27}},"25":{"start":{"line":74,"column":4},"end":{"line":74,"column":11}},"26":{"start":{"line":76,"column":4},"end":{"line":80,"column":7}},"27":{"start":{"line":84,"column":0},"end":{"line":90,"column":2}},"28":{"start":{"line":85,"column":23},"end":{"line":85,"column":46}},"29":{"start":{"line":86,"column":15},"end":{"line":86,"column":55}},"30":{"start":{"line":88,"column":2},"end":{"line":88,"column":26}},"31":{"start":{"line":89,"column":2},"end":{"line":89,"column":9}},"32":{"start":{"line":92,"column":0},"end":{"line":110,"column":2}},"33":{"start":{"line":93,"column":2},"end":{"line":109,"column":3}},"34":{"start":{"line":94,"column":21},"end":{"line":94,"column":31}},"35":{"start":{"line":96,"column":17},"end":{"line":96,"column":45}},"36":{"start":{"line":98,"column":4},"end":{"line":100,"column":5}},"37":{"start":{"line":99,"column":6},"end":{"line":99,"column":63}},"38":{"start":{"line":101,"column":4},"end":{"line":101,"column":27}},"39":{"start":{"line":102,"column":4},"end":{"line":102,"column":11}},"40":{"start":{"line":104,"column":4},"end":{"line":108,"column":7}},"41":{"start":{"line":112,"column":0},"end":{"line":148,"column":2}},"42":{"start":{"line":113,"column":20},"end":{"line":113,"column":39}},"43":{"start":{"line":115,"column":2},"end":{"line":147,"column":8}},"44":{"start":{"line":117,"column":6},"end":{"line":141,"column":7}},"45":{"start":{"line":119,"column":8},"end":{"line":123,"column":9}},"46":{"start":{"line":120,"column":10},"end":{"line":120,"column":46}},"47":{"start":{"line":122,"column":10},"end":{"line":122,"column":24}},"48":{"start":{"line":125,"column":8},"end":{"line":130,"column":24}},"49":{"start":{"line":126,"column":10},"end":{"line":129,"column":12}},"50":{"start":{"line":132,"column":8},"end":{"line":138,"column":14}},"51":{"start":{"line":133,"column":22},"end":{"line":133,"column":28}},"52":{"start":{"line":134,"column":24},"end":{"line":138,"column":12}},"53":{"start":{"line":140,"column":8},"end":{"line":140,"column":22}},"54":{"start":{"line":143,"column":18},"end":{"line":147,"column":6}},"55":{"start":{"line":183,"column":0},"end":{"line":191,"column":2}},"56":{"start":{"line":186,"column":15},"end":{"line":186,"column":30}},"57":{"start":{"line":187,"column":15},"end":{"line":187,"column":49}},"58":{"start":{"line":189,"column":2},"end":{"line":189,"column":25}},"59":{"start":{"line":190,"column":2},"end":{"line":190,"column":9}}},"fnMap":{"0":{"name":"(anonymous_0)","decl":{"start":{"line":13,"column":34},"end":{"line":13,"column":35}},"loc":{"start":{"line":13,"column":60},"end":{"line":39,"column":1}},"line":13},"1":{"name":"(anonymous_1)","decl":{"start":{"line":41,"column":28},"end":{"line":41,"column":29}},"loc":{"start":{"line":41,"column":54},"end":{"line":82,"column":1}},"line":41},"2":{"name":"(anonymous_2)","decl":{"start":{"line":45,"column":31},"end":{"line":45,"column":32}},"loc":{"start":{"line":45,"column":43},"end":{"line":59,"column":5}},"line":45},"3":{"name":"(anonymous_3)","decl":{"start":{"line":61,"column":47},"end":{"line":61,"column":48}},"loc":{"start":{"line":61,"column":63},"end":{"line":65,"column":5}},"line":61},"4":{"name":"(anonymous_4)","decl":{"start":{"line":84,"column":27},"end":{"line":84,"column":28}},"loc":{"start":{"line":84,"column":53},"end":{"line":90,"column":1}},"line":84},"5":{"name":"(anonymous_5)","decl":{"start":{"line":92,"column":28},"end":{"line":92,"column":29}},"loc":{"start":{"line":92,"column":54},"end":{"line":110,"column":1}},"line":92},"6":{"name":"(anonymous_6)","decl":{"start":{"line":112,"column":30},"end":{"line":112,"column":31}},"loc":{"start":{"line":112,"column":50},"end":{"line":148,"column":1}},"line":112},"7":{"name":"(anonymous_7)","decl":{"start":{"line":116,"column":10},"end":{"line":116,"column":11}},"loc":{"start":{"line":116,"column":25},"end":{"line":142,"column":5}},"line":116},"8":{"name":"(anonymous_8)","decl":{"start":{"line":125,"column":49},"end":{"line":125,"column":50}},"loc":{"start":{"line":125,"column":74},"end":{"line":130,"column":9}},"line":125},"9":{"name":"(anonymous_9)","decl":{"start":{"line":133,"column":16},"end":{"line":133,"column":17}},"loc":{"start":{"line":133,"column":22},"end":{"line":133,"column":28}},"line":133},"10":{"name":"(anonymous_10)","decl":{"start":{"line":134,"column":17},"end":{"line":134,"column":18}},"loc":{"start":{"line":134,"column":24},"end":{"line":138,"column":12}},"line":134},"11":{"name":"(anonymous_11)","decl":{"start":{"line":143,"column":11},"end":{"line":143,"column":12}},"loc":{"start":{"line":143,"column":18},"end":{"line":147,"column":6}},"line":143},"12":{"name":"(anonymous_12)","decl":{"start":{"line":183,"column":28},"end":{"line":183,"column":29}},"loc":{"start":{"line":183,"column":54},"end":{"line":191,"column":1}},"line":183}},"branchMap":{"0":{"loc":{"start":{"line":23,"column":4},"end":{"line":31,"column":5}},"type":"if","locations":[{"start":{"line":23,"column":4},"end":{"line":31,"column":5}},{"start":{"line":26,"column":11},"end":{"line":31,"column":5}}],"line":23},"1":{"loc":{"start":{"line":50,"column":8},"end":{"line":55,"column":9}},"type":"if","locations":[{"start":{"line":50,"column":8},"end":{"line":55,"column":9}},{"start":{"line":53,"column":15},"end":{"line":55,"column":9}}],"line":50},"2":{"loc":{"start":{"line":98,"column":4},"end":{"line":100,"column":5}},"type":"if","locations":[{"start":{"line":98,"column":4},"end":{"line":100,"column":5}},{"start":{},"end":{}}],"line":98},"3":{"loc":{"start":{"line":117,"column":6},"end":{"line":141,"column":7}},"type":"if","locations":[{"start":{"line":117,"column":6},"end":{"line":141,"column":7}},{"start":{"line":139,"column":13},"end":{"line":141,"column":7}}],"line":117},"4":{"loc":{"start":{"line":119,"column":8},"end":{"line":123,"column":9}},"type":"if","locations":[{"start":{"line":119,"column":8},"end":{"line":123,"column":9}},{"start":{"line":121,"column":15},"end":{"line":123,"column":9}}],"line":119}},"s":{"0":1,"1":1,"2":3,"3":3,"4":3,"5":2,"6":1,"7":1,"8":1,"9":1,"10":2,"11":2,"12":2,"13":2,"14":2,"15":2,"16":2,"17":0,"18":1,"19":0,"20":2,"21":1,"22":1,"23":1,"24":1,"25":1,"26":1,"27":1,"28":1,"29":1,"30":1,"31":1,"32":1,"33":3,"34":3,"35":3,"36":2,"37":1,"38":1,"39":1,"40":1,"41":1,"42":2,"43":2,"44":1,"45":1,"46":1,"47":0,"48":1,"49":2,"50":1,"51":1,"52":0,"53":0,"54":1,"55":1,"56":1,"57":1,"58":1,"59":1},"f":{"0":3,"1":2,"2":2,"3":1,"4":1,"5":3,"6":2,"7":1,"8":2,"9":1,"10":0,"11":1,"12":1},"b":{"0":[1,1],"1":[0,1],"2":[1,1],"3":[1,0],"4":[1,0]},"_coverageSchema":"1a1c01bbd47fc00a2c39e90264f33305004495a9","hash":"54bad5350923e5e8e2b221d2c7d22df48899279d"}
,"/Users/zhengliangjin/Desktop/CS/Velocirabbits/server/src/models/users.ts": {"path":"/Users/zhengliangjin/Desktop/CS/Velocirabbits/server/src/models/users.ts","statementMap":{"0":{"start":{"line":2,"column":0},"end":{"line":2,"column":27}},"1":{"start":{"line":6,"column":17},"end":{"line":6,"column":41}},"2":{"start":{"line":8,"column":0},"end":{"line":13,"column":1}},"3":{"start":{"line":9,"column":2},"end":{"line":12,"column":32}},"4":{"start":{"line":15,"column":19},"end":{"line":18,"column":2}},"5":{"start":{"line":20,"column":19},"end":{"line":25,"column":2}},"6":{"start":{"line":27,"column":13},"end":{"line":27,"column":47}},"7":{"start":{"line":28,"column":13},"end":{"line":28,"column":47}}},"fnMap":{},"branchMap":{"0":{"loc":{"start":{"line":8,"column":0},"end":{"line":13,"column":1}},"type":"if","locations":[{"start":{"line":8,"column":0},"end":{"line":13,"column":1}},{"start":{},"end":{}}],"line":8}},"s":{"0":1,"1":1,"2":1,"3":1,"4":1,"5":1,"6":1,"7":1},"f":{},"b":{"0":[1,0]},"_coverageSchema":"1a1c01bbd47fc00a2c39e90264f33305004495a9","hash":"10ff69342903212ed2df60fc776ce2eca3da0cb5"}
}
