TN:
SF:src/controllers/pollController.ts
FN:13,(anonymous_0)
FN:41,(anonymous_1)
FN:45,(anonymous_2)
FN:61,(anonymous_3)
FN:84,(anonymous_4)
FN:92,(anonymous_5)
FN:112,(anonymous_6)
FN:116,(anonymous_7)
FN:125,(anonymous_8)
FN:133,(anonymous_9)
FN:134,(anonymous_10)
FN:143,(anonymous_11)
FN:183,(anonymous_12)
FNF:13
FNH:12
FNDA:3,(anonymous_0)
FNDA:2,(anonymous_1)
FNDA:2,(anonymous_2)
FNDA:1,(anonymous_3)
FNDA:1,(anonymous_4)
FNDA:3,(anonymous_5)
FNDA:2,(anonymous_6)
FNDA:1,(anonymous_7)
FNDA:2,(anonymous_8)
FNDA:1,(anonymous_9)
FNDA:0,(anonymous_10)
FNDA:1,(anonymous_11)
FNDA:1,(anonymous_12)
DA:10,1
DA:13,1
DA:14,3
DA:17,3
DA:20,3
DA:23,2
DA:25,1
DA:28,1
DA:33,1
DA:41,1
DA:42,2
DA:44,2
DA:45,2
DA:47,2
DA:48,2
DA:49,2
DA:50,2
DA:52,0
DA:54,1
DA:58,0
DA:60,2
DA:61,1
DA:66,1
DA:73,1
DA:74,1
DA:76,1
DA:84,1
DA:85,1
DA:86,1
DA:88,1
DA:89,1
DA:92,1
DA:93,3
DA:94,3
DA:96,3
DA:98,2
DA:99,1
DA:101,1
DA:102,1
DA:104,1
DA:112,1
DA:113,2
DA:115,2
DA:117,1
DA:119,1
DA:120,1
DA:122,0
DA:125,1
DA:126,2
DA:132,1
DA:133,1
DA:134,0
DA:140,0
DA:143,1
DA:183,1
DA:186,1
DA:187,1
DA:189,1
DA:190,1
LF:59
LH:54
BRDA:23,0,0,1
BRDA:23,0,1,1
BRDA:50,1,0,0
BRDA:50,1,1,1
BRDA:98,2,0,1
BRDA:98,2,1,1
BRDA:117,3,0,1
BRDA:117,3,1,0
BRDA:119,4,0,1
BRDA:119,4,1,0
BRF:10
BRH:7
end_of_record
TN:
SF:src/models/users.ts
FNF:0
FNH:0
DA:2,1
DA:6,1
DA:8,1
DA:9,1
DA:15,1
DA:20,1
DA:27,1
DA:28,1
LF:8
LH:8
BRDA:8,0,0,1
BRDA:8,0,1,0
BRF:2
BRH:1
end_of_record
